<?xml version="1.0" encoding="UTF-8"?>
<!-- Generated by org.testng.reporters.JUnitXMLReporter -->
<testsuite ignored="0" hostname="Excalibur" failures="0" tests="4" name="Default test" time="22.641" errors="0" timestamp="2023-11-23T10:02:57 CST">
  <testcase classname="Automation.Main" name="Parte1" time="9.356"/>
  <testcase classname="Automation.Main" name="Parte2" time="6.289"/>
  <testcase classname="Automation.Main" name="Parte3" time="3.275"/>
  <testcase classname="Automation.Main" name="Parte4" time="1.652"/>
</testsuite> <!-- Default test -->
