<?xml version="1.0" encoding="UTF-8"?>
<!-- Generated by org.testng.reporters.JUnitXMLReporter -->
<testsuite ignored="0" hostname="Excalibur" failures="0" tests="4" name="Default test" time="13.101" errors="0" timestamp="2023-11-23T10:13:12 CST">
  <testcase classname="Automation.Main" name="Parte1" time="6.099"/>
  <testcase classname="Automation.Main" name="Parte2" time="3.884"/>
  <testcase classname="Automation.Main" name="Parte3" time="1.952"/>
  <testcase classname="Automation.Main" name="Parte4" time="0.491"/>
</testsuite> <!-- Default test -->
