<?xml version="1.0" encoding="UTF-8"?>
<testng-results ignored="0" total="4" passed="4" failed="0" skipped="0">
  <reporter-output>
  </reporter-output>
  <suite started-at="2023-11-23T10:02:34 CST" name="Default suite" finished-at="2023-11-23T10:02:57 CST" duration-ms="22641">
    <groups>
    </groups>
    <test started-at="2023-11-23T10:02:34 CST" name="Default test" finished-at="2023-11-23T10:02:57 CST" duration-ms="22641">
      <class name="Automation.Main">
        <test-method is-config="true" signature="inicioTest()[pri:0, instance:Automation.Main@533b266e]" started-at="2023-11-23T10:02:34 CST" name="inicioTest" finished-at="2023-11-23T10:02:35 CST" duration-ms="231" status="PASS">
          <reporter-output>
          </reporter-output>
        </test-method> <!-- inicioTest -->
        <test-method signature="Parte1()[pri:1, instance:Automation.Main@533b266e]" started-at="2023-11-23T10:02:35 CST" name="Parte1" description="Parte 1 Acceso y Navegación" finished-at="2023-11-23T10:02:44 CST" duration-ms="9356" status="PASS">
          <reporter-output>
          </reporter-output>
        </test-method> <!-- Parte1 -->
        <test-method is-config="true" signature="generarStatus(org.testng.ITestResult)[pri:0, instance:Automation.Main@533b266e]" started-at="2023-11-23T10:02:44 CST" name="generarStatus" finished-at="2023-11-23T10:02:44 CST" duration-ms="7" status="PASS">
          <params>
            <param index="0">
              <value>
                <![CDATA[[TestResult name=Parte1 status=SUCCESS method=Main.Parte1()[pri:1, instance:Automation.Main@533b266e] output={null}]]]>
              </value>
            </param>
          </params>
          <reporter-output>
          </reporter-output>
        </test-method> <!-- generarStatus -->
        <test-method signature="Parte2()[pri:2, instance:Automation.Main@533b266e]" started-at="2023-11-23T10:02:44 CST" name="Parte2" description="Parte 2: Interacción con Elementos" finished-at="2023-11-23T10:02:50 CST" duration-ms="6289" status="PASS">
          <reporter-output>
          </reporter-output>
        </test-method> <!-- Parte2 -->
        <test-method is-config="true" signature="generarStatus(org.testng.ITestResult)[pri:0, instance:Automation.Main@533b266e]" started-at="2023-11-23T10:02:50 CST" name="generarStatus" finished-at="2023-11-23T10:02:50 CST" duration-ms="2" status="PASS">
          <params>
            <param index="0">
              <value>
                <![CDATA[[TestResult name=Parte2 status=SUCCESS method=Main.Parte2()[pri:2, instance:Automation.Main@533b266e] output={null}]]]>
              </value>
            </param>
          </params>
          <reporter-output>
          </reporter-output>
        </test-method> <!-- generarStatus -->
        <test-method signature="Parte3()[pri:3, instance:Automation.Main@533b266e]" started-at="2023-11-23T10:02:50 CST" name="Parte3" description="Parte 3: Validación" finished-at="2023-11-23T10:02:54 CST" duration-ms="3275" status="PASS">
          <reporter-output>
          </reporter-output>
        </test-method> <!-- Parte3 -->
        <test-method is-config="true" signature="generarStatus(org.testng.ITestResult)[pri:0, instance:Automation.Main@533b266e]" started-at="2023-11-23T10:02:54 CST" name="generarStatus" finished-at="2023-11-23T10:02:54 CST" duration-ms="2" status="PASS">
          <params>
            <param index="0">
              <value>
                <![CDATA[[TestResult name=Parte3 status=SUCCESS method=Main.Parte3()[pri:3, instance:Automation.Main@533b266e] output={null}]]]>
              </value>
            </param>
          </params>
          <reporter-output>
          </reporter-output>
        </test-method> <!-- generarStatus -->
        <test-method signature="Parte4()[pri:4, instance:Automation.Main@533b266e]" started-at="2023-11-23T10:02:54 CST" name="Parte4" description="Parte 4: Capturas de Pantalla y Reportes" finished-at="2023-11-23T10:02:55 CST" duration-ms="1652" status="PASS">
          <reporter-output>
          </reporter-output>
        </test-method> <!-- Parte4 -->
        <test-method is-config="true" signature="generarStatus(org.testng.ITestResult)[pri:0, instance:Automation.Main@533b266e]" started-at="2023-11-23T10:02:55 CST" name="generarStatus" finished-at="2023-11-23T10:02:55 CST" duration-ms="1" status="PASS">
          <params>
            <param index="0">
              <value>
                <![CDATA[[TestResult name=Parte4 status=SUCCESS method=Main.Parte4()[pri:4, instance:Automation.Main@533b266e] output={null}]]]>
              </value>
            </param>
          </params>
          <reporter-output>
          </reporter-output>
        </test-method> <!-- generarStatus -->
        <test-method is-config="true" signature="finalizarTest()[pri:0, instance:Automation.Main@533b266e]" started-at="2023-11-23T10:02:55 CST" name="finalizarTest" finished-at="2023-11-23T10:02:57 CST" duration-ms="1726" status="PASS">
          <reporter-output>
          </reporter-output>
        </test-method> <!-- finalizarTest -->
      </class> <!-- Automation.Main -->
    </test> <!-- Default test -->
  </suite> <!-- Default suite -->
</testng-results>
